+l
1	#include <stdio.h>
2	
3	int input();
4	int add(int a, int b);
5	void output(int a, int b, int sum);
6	
7	int main()
8	{
9	    int a,b,sum;
10	    a=input();
+b 16
Breakpoint 1 at 0x4014c1: file c:\Users\ketan\github-classroom\FPC-advanced\fpc-advanced-classroom-1st-year-assignment-Ketan09092\set01\problem03.c, line 16.
+b 8
Breakpoint 2 at 0x40146e: file c:\Users\ketan\github-classroom\FPC-advanced\fpc-advanced-classroom-1st-year-assignment-Ketan09092\set01\problem03.c, line 8.
+b 10
Note: breakpoint 2 also set at pc 0x40146e.
Breakpoint 3 at 0x40146e: file c:\Users\ketan\github-classroom\FPC-advanced\fpc-advanced-classroom-1st-year-assignment-Ketan09092\set01\problem03.c, line 10.
+b 11
Breakpoint 4 at 0x401477: file c:\Users\ketan\github-classroom\FPC-advanced\fpc-advanced-classroom-1st-year-assignment-Ketan09092\set01\problem03.c, line 11.
+b 12
Breakpoint 5 at 0x401480: file c:\Users\ketan\github-classroom\FPC-advanced\fpc-advanced-classroom-1st-year-assignment-Ketan09092\set01\problem03.c, line 12.
+b 20
Breakpoint 6 at 0x4014cd: file c:\Users\ketan\github-classroom\FPC-advanced\fpc-advanced-classroom-1st-year-assignment-Ketan09092\set01\problem03.c, line 20.
+n
The program is not being run.
+r
Starting program: c:\Users\ketan\github-classroom\FPC-advanced\fpc-advanced-classroom-1st-year-assignment-Ketan09092\set01/./problem03.exe 
[New Thread 26480.0x5894]
[New Thread 26480.0x3680]

Breakpoint 2, main () at c:\Users\ketan\github-classroom\FPC-advanced\fpc-advanced-classroom-1st-year-assignment-Ketan09092\set01\problem03.c:10
10	    a=input();
+n

Breakpoint 1, input () at c:\Users\ketan\github-classroom\FPC-advanced\fpc-advanced-classroom-1st-year-assignment-Ketan09092\set01\problem03.c:19
19	    printf("Enter the value : \n");
+print a
$1 = 6422476
+n

Breakpoint 6, input () at c:\Users\ketan\github-classroom\FPC-advanced\fpc-advanced-classroom-1st-year-assignment-Ketan09092\set01\problem03.c:20
20	    scanf("%d",&a);
+n
21	    return a;
+n
22	}
+n

Breakpoint 4, main () at c:\Users\ketan\github-classroom\FPC-advanced\fpc-advanced-classroom-1st-year-assignment-Ketan09092\set01\problem03.c:11
11	    b=input();
+print a
$2 = 6422476
+n

Breakpoint 1, input () at c:\Users\ketan\github-classroom\FPC-advanced\fpc-advanced-classroom-1st-year-assignment-Ketan09092\set01\problem03.c:19
19	    printf("Enter the value : \n");
+n

Breakpoint 6, input () at c:\Users\ketan\github-classroom\FPC-advanced\fpc-advanced-classroom-1st-year-assignment-Ketan09092\set01\problem03.c:20
20	    scanf("%d",&a);
+n
21	    return a;
+n
22	}
+n

Breakpoint 5, main () at c:\Users\ketan\github-classroom\FPC-advanced\fpc-advanced-classroom-1st-year-assignment-Ketan09092\set01\problem03.c:12
12	    sum=add(a,b);
+n
13	    output(a,b,sum);
+n
14	    return 0;
+n
15	}
+print a
$3 = 6422476
+n
0x00401288 in __register_frame_info ()
+n
Single stepping until exit from function __register_frame_info,
which has no line number information.
0x0040128a in __register_frame_info ()
+r
The program being debugged has been started already.
Start it from the beginning? (y or n) error return ../../gdb-7.6.1/gdb/windows-nat.c:1275 was 5
Starting program: c:\Users\ketan\github-classroom\FPC-advanced\fpc-advanced-classroom-1st-year-assignment-Ketan09092\set01/./problem03.exe 
[New Thread 7896.0x40e4]
[New Thread 7896.0x6544]

Breakpoint 2, main () at c:\Users\ketan\github-classroom\FPC-advanced\fpc-advanced-classroom-1st-year-assignment-Ketan09092\set01\problem03.c:10
10	    a=input();
+n

Breakpoint 1, input () at c:\Users\ketan\github-classroom\FPC-advanced\fpc-advanced-classroom-1st-year-assignment-Ketan09092\set01\problem03.c:19
19	    printf("Enter the value : \n");
+n

Breakpoint 6, input () at c:\Users\ketan\github-classroom\FPC-advanced\fpc-advanced-classroom-1st-year-assignment-Ketan09092\set01\problem03.c:20
20	    scanf("%d",&a);
+n
21	    return a;
+n
22	}
+n

Breakpoint 4, main () at c:\Users\ketan\github-classroom\FPC-advanced\fpc-advanced-classroom-1st-year-assignment-Ketan09092\set01\problem03.c:11
11	    b=input();
+n

Breakpoint 1, input () at c:\Users\ketan\github-classroom\FPC-advanced\fpc-advanced-classroom-1st-year-assignment-Ketan09092\set01\problem03.c:19
19	    printf("Enter the value : \n");
+n

Breakpoint 6, input () at c:\Users\ketan\github-classroom\FPC-advanced\fpc-advanced-classroom-1st-year-assignment-Ketan09092\set01\problem03.c:20
20	    scanf("%d",&a);
+n
21	    return a;
+n
22	}
+n

Breakpoint 5, main () at c:\Users\ketan\github-classroom\FPC-advanced\fpc-advanced-classroom-1st-year-assignment-Ketan09092\set01\problem03.c:12
12	    sum=add(a,b);
+n
13	    output(a,b,sum);
+n
14	    return 0;
+print a
$4 = 6422476
+r
The program being debugged has been started already.
Start it from the beginning? (y or n) error return ../../gdb-7.6.1/gdb/windows-nat.c:1275 was 5
Starting program: c:\Users\ketan\github-classroom\FPC-advanced\fpc-advanced-classroom-1st-year-assignment-Ketan09092\set01/./problem03.exe 
[New Thread 12720.0x5f94]
[New Thread 12720.0x49cc]

Breakpoint 2, main () at c:\Users\ketan\github-classroom\FPC-advanced\fpc-advanced-classroom-1st-year-assignment-Ketan09092\set01\problem03.c:10
10	    a=input();
+q
A debugging session is active.

	Inferior 1 [process 12720] will be killed.

Quit anyway? (y or n) error return ../../gdb-7.6.1/gdb/windows-nat.c:1275 was 5
